nohup: ignoring input and appending output to 'nohup.out'
Traceback (most recent call last):
  File "/home/lizd/doc/projects/NormalEstimate/dipole-normal-prop/orient_simple.py", line 43, in <module>
    run(opts)
  File "/home/lizd/doc/projects/NormalEstimate/dipole-normal-prop/orient_simple.py", line 15, in run
    input_pc = util.xyz2tensor(open(opts.pc, 'r').read()).to(device)
  File "/home/lizd/doc/projects/NormalEstimate/dipole-normal-prop/util.py", line 51, in xyz2tensor
    rtn = torch.stack(pts, dim=0)
RuntimeError: stack expects a non-empty TensorList
Traceback (most recent call last):
  File "/home/lizd/doc/projects/NormalEstimate/dipole-normal-prop/orient_simple.py", line 43, in <module>
    run(opts)
  File "/home/lizd/doc/projects/NormalEstimate/dipole-normal-prop/orient_simple.py", line 15, in run
    input_pc = util.xyz2tensor(open(opts.pc, 'r').read()).to(device)
  File "/home/lizd/doc/projects/NormalEstimate/dipole-normal-prop/util.py", line 51, in xyz2tensor
    rtn = torch.stack(pts, dim=0)
RuntimeError: stack expects a non-empty TensorList
Traceback (most recent call last):
  File "/home/lizd/doc/projects/NormalEstimate/dipole-normal-prop/orient_simple.py", line 43, in <module>
    run(opts)
  File "/home/lizd/doc/projects/NormalEstimate/dipole-normal-prop/orient_simple.py", line 15, in run
    input_pc = util.xyz2tensor(open(opts.pc, 'r').read()).to(device)
  File "/home/lizd/doc/projects/NormalEstimate/dipole-normal-prop/util.py", line 51, in xyz2tensor
    rtn = torch.stack(pts, dim=0)
RuntimeError: stack expects a non-empty TensorList
